Determining if the pthread_create exist failed with the following output:
Change Dir: /home/runner/t02-try-c-turtle-team-5/.berea/build/CMakeFiles/CMakeTmp

Run Build Command:"/usr/bin/make" "cmTC_483f7/fast"
/usr/bin/make -f CMakeFiles/cmTC_483f7.dir/build.make CMakeFiles/cmTC_483f7.dir/build
make[1]: Entering directory '/home/runner/t02-try-c-turtle-team-5/.berea/build/CMakeFiles/CMakeTmp'
Building C object CMakeFiles/cmTC_483f7.dir/CheckSymbolExists.c.o
/usr/bin/cc    -o CMakeFiles/cmTC_483f7.dir/CheckSymbolExists.c.o   -c /home/runner/t02-try-c-turtle-team-5/.berea/build/CMakeFiles/CMakeTmp/CheckSymbolExists.c
Linking C executable cmTC_483f7
/usr/bin/cmake -E cmake_link_script CMakeFiles/cmTC_483f7.dir/link.txt --verbose=1
/usr/bin/cc      CMakeFiles/cmTC_483f7.dir/CheckSymbolExists.c.o  -o cmTC_483f7 
CMakeFiles/cmTC_483f7.dir/CheckSymbolExists.c.o: In function `main':
CheckSymbolExists.c:(.text+0x1b): undefined reference to `pthread_create'
collect2: error: ld returned 1 exit status
CMakeFiles/cmTC_483f7.dir/build.make:97: recipe for target 'cmTC_483f7' failed
make[1]: *** [cmTC_483f7] Error 1
make[1]: Leaving directory '/home/runner/t02-try-c-turtle-team-5/.berea/build/CMakeFiles/CMakeTmp'
Makefile:126: recipe for target 'cmTC_483f7/fast' failed
make: *** [cmTC_483f7/fast] Error 2

File /home/runner/t02-try-c-turtle-team-5/.berea/build/CMakeFiles/CMakeTmp/CheckSymbolExists.c:
/* */
#include <pthread.h>

int main(int argc, char** argv)
{
  (void)argv;
#ifndef pthread_create
  return ((int*)(&pthread_create))[argc];
#else
  (void)argc;
  return 0;
#endif
}

Determining if the function pthread_create exists in the pthreads failed with the following output:
Change Dir: /home/runner/t02-try-c-turtle-team-5/.berea/build/CMakeFiles/CMakeTmp

Run Build Command:"/usr/bin/make" "cmTC_0cb6a/fast"
/usr/bin/make -f CMakeFiles/cmTC_0cb6a.dir/build.make CMakeFiles/cmTC_0cb6a.dir/build
make[1]: Entering directory '/home/runner/t02-try-c-turtle-team-5/.berea/build/CMakeFiles/CMakeTmp'
Building C object CMakeFiles/cmTC_0cb6a.dir/CheckFunctionExists.c.o
/usr/bin/cc   -DCHECK_FUNCTION_EXISTS=pthread_create   -o CMakeFiles/cmTC_0cb6a.dir/CheckFunctionExists.c.o   -c /usr/share/cmake-3.10/Modules/CheckFunctionExists.c
Linking C executable cmTC_0cb6a
/usr/bin/cmake -E cmake_link_script CMakeFiles/cmTC_0cb6a.dir/link.txt --verbose=1
/usr/bin/cc  -DCHECK_FUNCTION_EXISTS=pthread_create    CMakeFiles/cmTC_0cb6a.dir/CheckFunctionExists.c.o  -o cmTC_0cb6a -lpthreads 
/usr/bin/ld: cannot find -lpthreads
collect2: error: ld returned 1 exit status
CMakeFiles/cmTC_0cb6a.dir/build.make:97: recipe for target 'cmTC_0cb6a' failed
make[1]: *** [cmTC_0cb6a] Error 1
make[1]: Leaving directory '/home/runner/t02-try-c-turtle-team-5/.berea/build/CMakeFiles/CMakeTmp'
Makefile:126: recipe for target 'cmTC_0cb6a/fast' failed
make: *** [cmTC_0cb6a/fast] Error 2


